2025-04-08 18:03:02,710 INFO    Thread-8 (_run_job):21877 [wandb_setup.py:_flush():67] Current SDK version is 0.19.9
2025-04-08 18:03:02,710 INFO    Thread-8 (_run_job):21877 [wandb_setup.py:_flush():67] Configure stats pid to 21877
2025-04-08 18:03:02,710 INFO    Thread-8 (_run_job):21877 [wandb_setup.py:_flush():67] Loading settings from /home/abinash/.config/wandb/settings
2025-04-08 18:03:02,710 INFO    Thread-8 (_run_job):21877 [wandb_setup.py:_flush():67] Loading settings from /home/abinash/DA6401/DA6401_Assignment2/wandb/settings
2025-04-08 18:03:02,710 INFO    Thread-8 (_run_job):21877 [wandb_setup.py:_flush():67] Loading settings from environment variables
2025-04-08 18:03:02,710 INFO    Thread-8 (_run_job):21877 [wandb_init.py:setup_run_log_directory():662] Logging user logs to /home/abinash/DA6401/DA6401_Assignment2/wandb/run-20250408_180302-k2vdnagl/logs/debug.log
2025-04-08 18:03:02,710 INFO    Thread-8 (_run_job):21877 [wandb_init.py:setup_run_log_directory():663] Logging internal logs to /home/abinash/DA6401/DA6401_Assignment2/wandb/run-20250408_180302-k2vdnagl/logs/debug-internal.log
2025-04-08 18:03:02,710 INFO    Thread-8 (_run_job):21877 [wandb_init.py:init():781] calling init triggers
2025-04-08 18:03:02,710 INFO    Thread-8 (_run_job):21877 [wandb_init.py:init():786] wandb.init called with sweep_config: {'batch_size': 64, 'learning_rate': 0.0001, 'model_type': 'ResNet50', 'optimizer': 'adam', 'weight_decay': 0.0001}
config: {'_wandb': {}}
2025-04-08 18:03:02,710 INFO    Thread-8 (_run_job):21877 [wandb_init.py:init():809] starting backend
2025-04-08 18:03:02,710 INFO    Thread-8 (_run_job):21877 [wandb_init.py:init():813] sending inform_init request
2025-04-08 18:03:02,711 INFO    Thread-8 (_run_job):21877 [backend.py:_multiprocessing_setup():101] multiprocessing start_methods=fork,spawn,forkserver, using: spawn
2025-04-08 18:03:02,711 INFO    Thread-8 (_run_job):21877 [wandb_init.py:init():823] backend started and connected
2025-04-08 18:03:02,711 INFO    Thread-8 (_run_job):21877 [wandb_run.py:_config_callback():1327] config_cb None None {'batch_size': 64, 'learning_rate': 0.0001, 'model_type': 'ResNet50', 'optimizer': 'adam', 'weight_decay': 0.0001}
2025-04-08 18:03:02,713 INFO    Thread-8 (_run_job):21877 [wandb_init.py:init():915] updated telemetry
2025-04-08 18:03:02,716 INFO    Thread-8 (_run_job):21877 [wandb_init.py:init():939] communicating run to backend with 90.0 second timeout
2025-04-08 18:03:03,678 INFO    Thread-8 (_run_job):21877 [wandb_init.py:init():1014] starting run threads in backend
2025-04-08 18:03:03,728 INFO    Thread-8 (_run_job):21877 [wandb_run.py:_console_start():2454] atexit reg
2025-04-08 18:03:03,728 INFO    Thread-8 (_run_job):21877 [wandb_run.py:_redirect():2306] redirect: wrap_raw
2025-04-08 18:03:03,728 INFO    Thread-8 (_run_job):21877 [wandb_run.py:_redirect():2371] Wrapping output streams.
2025-04-08 18:03:03,728 INFO    Thread-8 (_run_job):21877 [wandb_run.py:_redirect():2394] Redirects installed.
2025-04-08 18:03:03,728 INFO    Thread-8 (_run_job):21877 [wandb_init.py:init():1056] run started, returning control to user process
2025-04-08 18:03:05,761 INFO    Thread-8 (_run_job):21877 [wandb_run.py:_finish():2189] finishing run ee20d201-indian-institute-of-technology-madras/DA6401_Assignment_2/k2vdnagl
2025-04-08 18:03:05,762 INFO    Thread-8 (_run_job):21877 [wandb_run.py:_atexit_cleanup():2419] got exitcode: 1
2025-04-08 18:03:05,762 INFO    Thread-8 (_run_job):21877 [wandb_run.py:_restore():2401] restore
2025-04-08 18:03:05,762 INFO    Thread-8 (_run_job):21877 [wandb_run.py:_restore():2407] restore done
2025-04-08 18:03:07,236 INFO    MsgRouterThr:21877 [mailbox.py:close():129] [no run ID] Closing mailbox, abandoning 1 handles.
2025-04-08 18:03:07,237 INFO    Thread-8 (_run_job):21877 [wandb_run.py:_restore():2401] restore
2025-04-08 18:03:07,237 INFO    Thread-8 (_run_job):21877 [wandb_run.py:_restore():2407] restore done
2025-04-08 18:03:07,237 ERROR   Thread-8 (_run_job):21877 [wandb_run.py:_atexit_cleanup():2440] Problem finishing run
Traceback (most recent call last):
  File "/home/abinash/miniconda3/envs/da6401/lib/python3.12/site-packages/wandb/agents/pyagent.py", line 306, in _run_job
    self._function()
  File "/home/abinash/DA6401/DA6401_Assignment2/sweep_pretrained.py", line 47, in train
    train_loop(train_loader, val_loader, model, loss_fn, optimizer, scheduler=scheduler, device=device, max_epochs=max_epochs, patience_stop=5, wandb_log=True)
  File "/home/abinash/DA6401/DA6401_Assignment2/utils.py", line 127, in train_loop
    pred = model(X)
           ^^^^^^^^
  File "/home/abinash/miniconda3/envs/da6401/lib/python3.12/site-packages/torch/nn/modules/module.py", line 1739, in _wrapped_call_impl
    return self._call_impl(*args, **kwargs)
           ^^^^^^^^^^^^^^^^^^^^^^^^^^^^^^^^
  File "/home/abinash/miniconda3/envs/da6401/lib/python3.12/site-packages/torch/nn/modules/module.py", line 1750, in _call_impl
    return forward_call(*args, **kwargs)
           ^^^^^^^^^^^^^^^^^^^^^^^^^^^^^
  File "/home/abinash/miniconda3/envs/da6401/lib/python3.12/site-packages/torchvision/models/resnet.py", line 285, in forward
    return self._forward_impl(x)
           ^^^^^^^^^^^^^^^^^^^^^
  File "/home/abinash/miniconda3/envs/da6401/lib/python3.12/site-packages/torchvision/models/resnet.py", line 268, in _forward_impl
    x = self.conv1(x)
        ^^^^^^^^^^^^^
  File "/home/abinash/miniconda3/envs/da6401/lib/python3.12/site-packages/torch/nn/modules/module.py", line 1739, in _wrapped_call_impl
    return self._call_impl(*args, **kwargs)
           ^^^^^^^^^^^^^^^^^^^^^^^^^^^^^^^^
  File "/home/abinash/miniconda3/envs/da6401/lib/python3.12/site-packages/torch/nn/modules/module.py", line 1750, in _call_impl
    return forward_call(*args, **kwargs)
           ^^^^^^^^^^^^^^^^^^^^^^^^^^^^^
  File "/home/abinash/miniconda3/envs/da6401/lib/python3.12/site-packages/torch/nn/modules/conv.py", line 554, in forward
    return self._conv_forward(input, self.weight, self.bias)
           ^^^^^^^^^^^^^^^^^^^^^^^^^^^^^^^^^^^^^^^^^^^^^^^^^
  File "/home/abinash/miniconda3/envs/da6401/lib/python3.12/site-packages/torch/nn/modules/conv.py", line 549, in _conv_forward
    return F.conv2d(
           ^^^^^^^^^
RuntimeError: Input type (torch.cuda.FloatTensor) and weight type (torch.FloatTensor) should be the same

During handling of the above exception, another exception occurred:

Traceback (most recent call last):
  File "/home/abinash/miniconda3/envs/da6401/lib/python3.12/site-packages/wandb/sdk/wandb_run.py", line 2431, in _atexit_cleanup
    self._on_finish()
  File "/home/abinash/miniconda3/envs/da6401/lib/python3.12/site-packages/wandb/sdk/wandb_run.py", line 2709, in _on_finish
    internal_messages_handle = self._backend.interface.deliver_internal_messages()
                               ^^^^^^^^^^^^^^^^^^^^^^^^^^^^^^^^^^^^^^^^^^^^^^^^^^^
  File "/home/abinash/miniconda3/envs/da6401/lib/python3.12/site-packages/wandb/sdk/interface/interface.py", line 963, in deliver_internal_messages
    return self._deliver_internal_messages(internal_message)
           ^^^^^^^^^^^^^^^^^^^^^^^^^^^^^^^^^^^^^^^^^^^^^^^^^
  File "/home/abinash/miniconda3/envs/da6401/lib/python3.12/site-packages/wandb/sdk/interface/interface_shared.py", line 479, in _deliver_internal_messages
    return self._deliver_record(record)
           ^^^^^^^^^^^^^^^^^^^^^^^^^^^^
  File "/home/abinash/miniconda3/envs/da6401/lib/python3.12/site-packages/wandb/sdk/interface/interface_shared.py", line 389, in _deliver_record
    handle = mailbox.require_response(record)
             ^^^^^^^^^^^^^^^^^^^^^^^^^^^^^^^^
  File "/home/abinash/miniconda3/envs/da6401/lib/python3.12/site-packages/wandb/sdk/mailbox/mailbox.py", line 68, in require_response
    raise MailboxClosedError()
wandb.sdk.mailbox.mailbox.MailboxClosedError
